<?xml version="1.0" encoding="UTF-8"?>
<!-- Generated by org.testng.reporters.JUnitReportReporter -->
<testsuite hostname="DESKTOP-JV1I1EE" failures="0" tests="3" name="com.ninjademo.qa.testpages.TestRegisterPage" time="27.190" errors="0" timestamp="2023-10-12T17:37:20 IST" skipped="0">
  <testcase classname="com.ninjademo.qa.testpages.TestRegisterPage" name="testregisterUser" time="8.495"/>
  <system-out/>
  <testcase classname="com.ninjademo.qa.testpages.TestRegisterPage" name="testregisterUser" time="8.054"/>
  <system-out/>
  <testcase classname="com.ninjademo.qa.testpages.TestRegisterPage" name="testregisterUser" time="10.641"/>
  <system-out/>
</testsuite> <!-- com.ninjademo.qa.testpages.TestRegisterPage -->
