<?xml version="1.0" encoding="UTF-8"?>
<!-- Generated by org.testng.reporters.JUnitReportReporter -->
<testsuite hostname="DESKTOP-JV1I1EE" failures="0" tests="1" name="com.ninjademo.qa.testpages.TestProductPage" time="9.159" errors="0" timestamp="2023-10-13T00:52:42 IST" skipped="0">
  <testcase classname="com.ninjademo.qa.testpages.TestProductPage" name="testproduct_addtocart" time="9.159"/>
  <system-out/>
</testsuite> <!-- com.ninjademo.qa.testpages.TestProductPage -->
