<?xml version="1.0" encoding="UTF-8"?>
<!-- Generated by org.testng.reporters.JUnitReportReporter -->
<testsuite hostname="DESKTOP-JV1I1EE" failures="0" tests="1" name="com.ninjademo.qa.testpages.TestSearchPage" time="8.033" errors="0" timestamp="2023-10-12T17:07:35 IST" skipped="0">
  <testcase classname="com.ninjademo.qa.testpages.TestSearchPage" name="searchProduct" time="8.033"/>
  <system-out/>
</testsuite> <!-- com.ninjademo.qa.testpages.TestSearchPage -->
