<?xml version="1.0" encoding="UTF-8"?>
<!-- Generated by org.testng.reporters.JUnitReportReporter -->
<testsuite hostname="DESKTOP-JV1I1EE" failures="0" tests="1" name="logspractice.Logsdemo" time="0.015" errors="0" timestamp="2023-11-10T12:27:23 IST" skipped="0">
  <testcase classname="logspractice.Logsdemo" name="method1" time="0.015"/>
  <system-out/>
</testsuite> <!-- logspractice.Logsdemo -->
