<?xml version="1.0" encoding="UTF-8"?>
<!-- Generated by org.testng.reporters.JUnitReportReporter -->
<testsuite hostname="DESKTOP-JV1I1EE" failures="0" tests="1" name="RestAssuredScripts.Script07HamcrestValidations" time="5.008" errors="0" timestamp="2023-11-10T21:07:44 IST" skipped="0">
  <testcase classname="RestAssuredScripts.Script07HamcrestValidations" name="ValidateRepsonseBody" time="5.008"/>
  <system-out/>
</testsuite> <!-- RestAssuredScripts.Script07HamcrestValidations -->
