<?xml version="1.0" encoding="UTF-8"?>
<!-- Generated by org.testng.reporters.JUnitReportReporter -->
<testsuite hostname="DESKTOP-JV1I1EE" failures="0" tests="1" name="RestAssuredScripts.Script06PostmanAPIKey" time="4.975" errors="0" timestamp="2023-11-10T19:53:19 IST" skipped="0">
  <testcase classname="RestAssuredScripts.Script06PostmanAPIKey" name="extract_response_JSONPath" time="4.975"/>
  <system-out/>
</testsuite> <!-- RestAssuredScripts.Script06PostmanAPIKey -->
