<?xml version="1.0" encoding="UTF-8"?>
<!-- Generated by org.testng.reporters.JUnitReportReporter -->
<testsuite hostname="DESKTOP-JV1I1EE" failures="0" tests="3" name="RestAssuredScripts.LessonEndProject" time="3.613" errors="0" timestamp="2023-11-12T15:42:29 IST" skipped="0">
  <testcase classname="RestAssuredScripts.LessonEndProject" name="logging_test" time="0.406"/>
  <system-out/>
  <testcase classname="RestAssuredScripts.LessonEndProject" name="get_users" time="2.851"/>
  <system-out/>
  <testcase classname="RestAssuredScripts.LessonEndProject" name="register_user" time="0.356"/>
  <system-out/>
</testsuite> <!-- RestAssuredScripts.LessonEndProject -->
